[2024-09-21 12:42:39] [INFO]: I18nUpdate Mod 3.5.5 is loaded in 1.20.1 with Forge
[2024-09-21 12:42:39] [DEBUG]: Minecraft path: E:\game\minecraft\浮生六记\.minecraft\versions\1.20.1
[2024-09-21 12:42:39] [DEBUG]: User home: C:\Users\TR
[2024-09-21 12:42:39] [DEBUG]: C:\Users\TR\.i18nupdatemod\1.20\Minecraft-Mod-Language-Modpack-1-20.zip md5: 38996ED6D8002C6E52566A3713F65BB6, remote md5: 08ECF9528F73C3709F4310692AB34E39
[2024-09-21 12:42:39] [INFO]: Downloading: http://downloader1.meitangdehulu.com:22943/Minecraft-Mod-Language-Modpack-1-20.zip -> C:\Users\TR\.i18nupdatemod\1.20\Minecraft-Mod-Language-Modpack-1-20.zip.tmp
[2024-09-21 12:42:52] [DEBUG]: Downloaded: http://downloader1.meitangdehulu.com:22943/Minecraft-Mod-Language-Modpack-1-20.zip -> C:\Users\TR\.i18nupdatemod\1.20\Minecraft-Mod-Language-Modpack-1-20.zip.tmp
[2024-09-21 12:42:52] [DEBUG]: C:\Users\TR\.i18nupdatemod\1.20\Minecraft-Mod-Language-Modpack-1-20.zip.tmp md5: 08ECF9528F73C3709F4310692AB34E39, remote md5: 08ECF9528F73C3709F4310692AB34E39
[2024-09-21 12:42:52] [DEBUG]: Updates temp file: C:\Users\TR\.i18nupdatemod\1.20\Minecraft-Mod-Language-Modpack-1-20.zip
[2024-09-21 12:42:52] [DEBUG]: C:\Users\TR\.i18nupdatemod\1.19\Minecraft-Mod-Language-Modpack-1-19.zip md5: 95B0EA0115ACC8E4A6852D8DB097B06E, remote md5: 95B0EA0115ACC8E4A6852D8DB097B06E
[2024-09-21 12:42:52] [DEBUG]: Already up to date.
[2024-09-21 12:42:52] [DEBUG]: C:\Users\TR\.i18nupdatemod\1.18\Minecraft-Mod-Language-Modpack-1-18.zip md5: 923BFBAE2B012A7685AD61B2028A1949, remote md5: B36A437B30101A41931EC64B50C7F268
[2024-09-21 12:42:52] [INFO]: Downloading: http://downloader1.meitangdehulu.com:22943/Minecraft-Mod-Language-Modpack-1-18.zip -> C:\Users\TR\.i18nupdatemod\1.18\Minecraft-Mod-Language-Modpack-1-18.zip.tmp
[2024-09-21 12:43:47] [DEBUG]: Downloaded: http://downloader1.meitangdehulu.com:22943/Minecraft-Mod-Language-Modpack-1-18.zip -> C:\Users\TR\.i18nupdatemod\1.18\Minecraft-Mod-Language-Modpack-1-18.zip.tmp
[2024-09-21 12:43:47] [DEBUG]: C:\Users\TR\.i18nupdatemod\1.18\Minecraft-Mod-Language-Modpack-1-18.zip.tmp md5: B36A437B30101A41931EC64B50C7F268, remote md5: B36A437B30101A41931EC64B50C7F268
[2024-09-21 12:43:47] [DEBUG]: Updates temp file: C:\Users\TR\.i18nupdatemod\1.18\Minecraft-Mod-Language-Modpack-1-18.zip
[2024-09-21 12:43:47] [INFO]: Converting: C:\Users\TR\.i18nupdatemod\1.20\Minecraft-Mod-Language-Modpack-1-20.zip
[2024-09-21 12:43:47] [INFO]: Converting: C:\Users\TR\.i18nupdatemod\1.19\Minecraft-Mod-Language-Modpack-1-19.zip
[2024-09-21 12:43:47] [INFO]: Converting: C:\Users\TR\.i18nupdatemod\1.18\Minecraft-Mod-Language-Modpack-1-18.zip
[2024-09-21 12:43:48] [INFO]: Converted: [C:\Users\TR\.i18nupdatemod\1.20\Minecraft-Mod-Language-Modpack-1-20.zip, C:\Users\TR\.i18nupdatemod\1.19\Minecraft-Mod-Language-Modpack-1-19.zip, C:\Users\TR\.i18nupdatemod\1.18\Minecraft-Mod-Language-Modpack-1-18.zip] -> C:\Users\TR\.i18nupdatemod\1.20.1\Minecraft-Mod-Language-Modpack-Converted-1.20.1.zip
[2024-09-21 12:43:48] [INFO]: Synchronized: C:\Users\TR\.i18nupdatemod\1.20.1\Minecraft-Mod-Language-Modpack-Converted-1.20.1.zip -> E:\game\minecraft\浮生六记\.minecraft\versions\1.20.1\resourcepacks\Minecraft-Mod-Language-Modpack-Converted-1.20.1.zip
[2024-09-21 12:43:48] [INFO]: Resource Packs: ["file/Minecraft-Mod-Language-Modpack-Converted-1.20.1.zip"]
